<?xml version="1.0" encoding="UTF-8"?>
<testng-results ignored="0" total="3" passed="3" failed="0" skipped="0">
  <reporter-output>
  </reporter-output>
  <suite started-at="2021-04-26T17:25:53 IST" name="Test Results" finished-at="2021-04-26T17:25:54 IST" duration-ms="922">
    <groups>
    </groups>
    <test started-at="2021-04-26T17:25:53 IST" name="TASK-1" finished-at="2021-04-26T17:25:54 IST" duration-ms="922">
      <class name="task1.MapwithDataProvider">
        <test-method signature="Test(java.util.Map)[pri:0, instance:task1.MapwithDataProvider@4b53f538]" started-at="2021-04-26T17:25:54 IST" name="Test" data-provider="TestData" finished-at="2021-04-26T17:25:54 IST" duration-ms="6" status="PASS">
          <params>
            <param index="0">
              <value>
                <![CDATA[{UserName=user1, DoB=dob1, Password=pass1}]]>
              </value>
            </param>
          </params>
          <reporter-output>
          </reporter-output>
        </test-method> <!-- Test -->
        <test-method signature="Test(java.util.Map)[pri:0, instance:task1.MapwithDataProvider@4b53f538]" started-at="2021-04-26T17:25:54 IST" name="Test" data-provider="TestData" finished-at="2021-04-26T17:25:54 IST" duration-ms="0" status="PASS">
          <params>
            <param index="0">
              <value>
                <![CDATA[{UserName=user2, DoB=dob2, Password=pass2}]]>
              </value>
            </param>
          </params>
          <reporter-output>
          </reporter-output>
        </test-method> <!-- Test -->
        <test-method signature="Test(java.util.Map)[pri:0, instance:task1.MapwithDataProvider@4b53f538]" started-at="2021-04-26T17:25:54 IST" name="Test" data-provider="TestData" finished-at="2021-04-26T17:25:54 IST" duration-ms="0" status="PASS">
          <params>
            <param index="0">
              <value>
                <![CDATA[{UserName=user3, DoB=dob3, Password=pass3}]]>
              </value>
            </param>
          </params>
          <reporter-output>
          </reporter-output>
        </test-method> <!-- Test -->
      </class> <!-- task1.MapwithDataProvider -->
    </test> <!-- TASK-1 -->
  </suite> <!-- Test Results -->
</testng-results>
